Started by upstream project "[8mha:////4NB8qiso4eHcCO1fMqJeOiyjLCm+PoigliTVpJbLUCqqAAAArR+LCAAAAAAAAP9b85aBtbiIQTGjNKU4P08vOT+vOD8nVc83PyU1x6OyILUoJzMv2y+/JJUBAhiZGBgqihhk0NSjKDWzXb3RdlLBUSYGJk8GtpzUvPSSDB8G5tKinBIGIZ+sxLJE/ZzEvHT94JKizLx0a6BxUmjGOUNodHsLgAzZEgZl/az8JH2XxJJEj9K8ktQil8xioElJpSWpKfGuFanJQIY+AKlp6nbYAAAA[0mDataHunterDistributed_Execute" build number [8mha:////4Cnm+QzyivScZgbzGnpBqaGnQ6iOJYpEl8OsnYDZRVtoAAAArR+LCAAAAAAAAP9b85aBtbiIQTGjNKU4P08vOT+vOD8nVc83PyU1x6OyILUoJzMv2y+/JJUBAhiZGBgqihhk0NSjKDWzXb3RdlLBUSYGJk8GtpzUvPSSDB8G5tKinBIGIZ+sxLJE/ZzEvHT94JKizLx0a6BxUmjGOUNodHsLQIwSBhX9rPwkfZfEkkSP0ryS1CKXzGKgSUmlJakp8a4VqclAhr4pAIpy6kHZAAAA[0m5
originally caused by:
 Started by upstream project "[8mha:////4LAxaGuA2jqV3vPfNsAtMwsSfD2T7zZCBQCDK7GAcLmpAAAAth+LCAAAAAAAAP9b85aBtbiIQTGjNKU4P08vOT+vOD8nVc83PyU1x6OyILUoJzMv2y+/JJUBAhiZGBgqihhk0NSjKDWzXb3RdlLBUSYGJk8GtpzUvPSSDB8G5tKinBIGIZ+sxLJE/ZzEvHT94JKizLx0a6BxUmjGOUNodHsLgAz9EgZT/az8JH2XxJJEj9K8ktQil8xioElJpSWpKfFIbK/cVKBkcGpRWWZyarE+AJYdIwHqAAAA[0mDataHunterDistributed_DistributedJmeterServices" build number [8mha:////4BmHoQVlbbSo36esqglFnlLT5m6sM+5lNDkxevaknzQBAAAAth+LCAAAAAAAAP9b85aBtbiIQTGjNKU4P08vOT+vOD8nVc83PyU1x6OyILUoJzMv2y+/JJUBAhiZGBgqihhk0NSjKDWzXb3RdlLBUSYGJk8GtpzUvPSSDB8G5tKinBIGIZ+sxLJE/ZzEvHT94JKizLx0a6BxUmjGOUNodHsLQIwSBjP9rPwkfZfEkkSP0ryS1CKXzGKgSUmlJakp8Uhsr9xUoGRwalFZZnJqsb4pAO5jPUvrAAAA[0m5
 originally caused by:
  Started by user [8mha:////4KzkLF53uByOX7M+gmYNzxkNryl0T6Qjs87GaR/1szD2AAAAlx+LCAAAAAAAAP9b85aBtbiIQTGjNKU4P08vOT+vOD8nVc83PyU1x6OyILUoJzMv2y+/JJUBAhiZGBgqihhk0NSjKDWzXb3RdlLBUSYGJk8GtpzUvPSSDB8G5tKinBIGIZ+sxLJE/ZzEvHT94JKizLx0a6BxUmjGOUNodHsLgAzWEgZu/dLi1CL9xJTczDwAj6GcLcAAAAA=[0madmin
Running as SYSTEM
Building on master in workspace C:\_Jenkins\JENKINS_HOME\workspace\DataHunterDistributed_Result
[DataHunterDistributed_Result] $ cmd /c call C:\Users\SUSER2\AppData\Local\Temp\jenkins11365267334755271378.bat

C:\_Jenkins\JENKINS_HOME\workspace\DataHunterDistributed_Result>CALL C:\mark59_com\JenkinsConfig\jmeterApplicationResult.bat 

C:\_Jenkins\JENKINS_HOME\workspace\DataHunterDistributed_Result>C:

C:\_Jenkins\JENKINS_HOME\workspace\DataHunterDistributed_Result>echo parmExecuteScriptVerificationPassed=true 
parmExecuteScriptVerificationPassed=true

C:\_Jenkins\JENKINS_HOME\workspace\DataHunterDistributed_Result>echo parmExecuteResult=Execution_OK 
parmExecuteResult=Execution_OK

C:\_Jenkins\JENKINS_HOME\workspace\DataHunterDistributed_Result>set PATH="C:\Program Files\Java\jdk1.8.0_161\bin";C:\Windows\System32;C:\windows\system32\wbem 

C:\_Jenkins\JENKINS_HOME\workspace\DataHunterDistributed_Result>echo PATH       is "C:\Program Files\Java\jdk1.8.0_161\bin";C:\Windows\System32;C:\windows\system32\wbem 
PATH       is "C:\Program Files\Java\jdk1.8.0_161\bin";C:\Windows\System32;C:\windows\system32\wbem

C:\_Jenkins\JENKINS_HOME\workspace\DataHunterDistributed_Result>java -version 
java version "1.8.0_161"
Java(TM) SE Runtime Environment (build 1.8.0_161-b12)
Java HotSpot(TM) 64-Bit Server VM (build 25.161-b12, mixed mode)

C:\_Jenkins\JENKINS_HOME\workspace\DataHunterDistributed_Result>if "Execution_OK" EQU "Execution_OK" (
echo "load results into graphical comparative analysis tooling"   
 cd C:\gitrepo\mark-5-9\mark59\metricsRuncheck\target  
 java -jar metricsRuncheck.jar -a DataHunterDistributed -i C:\Jmeter_Results\DataHunterDistributed -h pv-reporting.MYCORP.corp  -p 3309 -t JMETER   -r "<a href='http://10.222.22.22:8082/job/DataHunterDistributed_Result/5/HTML_Report'>run 5</a>"  
 echo "convert xml file to csv"   
 if exist C:\Jmeter_Results\DataHunterDistributed\MERGED\ RD /S /Q C:\Jmeter_Results\DataHunterDistributed\MERGED	  
 mkdir C:\Jmeter_Results\DataHunterDistributed\MERGED\   
 cd C:\gitrepo\mark-5-9\mark59\resultFilesConverter\target  
 java -jar resultFilesConverter.jar -iC:\Jmeter_Results\DataHunterDistributed -fDataHunterDistributedTestResults_converted.csv -mSplitByDataType -eNo -xTrue  
 echo "run jmeter report(s) generation"       
 rmdir /s /q C:\htmlreport\DataHunterDistributed  
 md C:\htmlreport\DataHunterDistributed  
 rmdir /s /q C:\htmlreport\DataHunterDistributed_CPU_UTIL  
 md C:\htmlreport\DataHunterDistributed_CPU_UTIL  
 rmdir /s /q C:\htmlreport\DataHunterDistributed_DATAPOINT  
 md C:\htmlreport\DataHunterDistributed_DATAPOINT  
 rmdir /s /q C:\htmlreport\DataHunterDistributed_MEMORY  
 md C:\htmlreport\DataHunterDistributed_MEMORY  
 rmdir /s /q C:\htmlreport\DataHunterDistributed_METRICS  
 md C:\htmlreport\DataHunterDistributed_METRICS  
 cd C:\apache-jmeter\bin  
 jmeter -Jjmeter.reportgenerator.overall_granularity=15000 -g  C:\Jmeter_Results\DataHunterDistributed\MERGED\DataHunterDistributedTestResults_converted.csv -o C:\htmlreport\DataHunterDistributed  
 jmeter -Jjmeter.reportgenerator.overall_granularity=15000 -g  C:\Jmeter_Results\DataHunterDistributed\MERGED\DataHunterDistributedTestResults_converted_CPU_UTIL.csv -o C:\htmlreport\DataHunterDistributed_CPU_UTIL	  
 jmeter -Jjmeter.reportgenerator.overall_granularity=15000 -g  C:\Jmeter_Results\DataHunterDistributed\MERGED\DataHunterDistributedTestResults_converted_DATAPOINT.csv -o C:\htmlreport\DataHunterDistributed_DATAPOINT	  
 jmeter -Jjmeter.reportgenerator.overall_granularity=15000 -g  C:\Jmeter_Results\DataHunterDistributed\MERGED\DataHunterDistributedTestResults_converted_MEMORY.csv -o C:\htmlreport\DataHunterDistributed_MEMORY	  
 jmeter -Jjmeter.reportgenerator.overall_granularity=15000 -g  C:\Jmeter_Results\DataHunterDistributed\MERGED\DataHunterDistributedTestResults_converted_METRICS.csv -o C:\htmlreport\DataHunterDistributed_METRICS  
 TIME /T 
) 
"load results into graphical comparative analysis tooling" 
Starting runcheck ..

Runcheck executing using the following arguments 
------------------------------------------------ 
 application    : DataHunterDistributed
 input          : C:\Jmeter_Results\DataHunterDistributed
 reference      : <a href='http://10.222.22.22:8082/job/DataHunterDistributed_Result/5/HTML_Report'>run 5</a>
 tool           : JMETER
 mysqlserver    : pv-reporting.MYCORP.corp
 mysqlPort      : 3309
 dbUsername     : admin
 eXcludestart   : 0 (mins)
 captureperiod  : All (mins)
 timeZone       : Australia/Sydney
------------------------------------------------   

2019-12-12 14:50:49.255  INFO 29252 --- [           main] com.mark59.metricsruncheck.Runcheck      : Starting Runcheck v2.1.0 on SLAVEPC with PID 29252 (C:\gitrepo\mark-5-9\mark59\metricsRuncheck\target\metricsRuncheck.jar started by SUSER2 in C:\gitrepo\mark-5-9\mark59\metricsRuncheck\target)
2019-12-12 14:50:49.258  INFO 29252 --- [           main] com.mark59.metricsruncheck.Runcheck      : No active profile set, falling back to default profiles: default
2019-12-12 14:50:49.794  INFO 29252 --- [           main] .s.d.r.c.RepositoryConfigurationDelegate : Bootstrapping Spring Data repositories in DEFAULT mode.
2019-12-12 14:50:49.810  INFO 29252 --- [           main] .s.d.r.c.RepositoryConfigurationDelegate : Finished Spring Data repository scanning in 12ms. Found 0 repository interfaces.
2019-12-12 14:50:50.387  INFO 29252 --- [           main] com.mark59.metricsruncheck.Runcheck      : Started Runcheck in 1.479 seconds (JVM running for 2.071)
2019-12-12 14:50:50.392  INFO 29252 --- [           main] com.zaxxer.hikari.HikariDataSource       : HikariPool-1 - Starting...
2019-12-12 14:50:50.578  INFO 29252 --- [           main] com.zaxxer.hikari.HikariDataSource       : HikariPool-1 - Start completed.
____________________________________
0 Total samples written
 
2019-12-12 14:50:50.623  INFO 29252 --- [           main] ConditionEvaluationReportLoggingListener : 

Error starting ApplicationContext. To display the conditions report re-run your application with 'debug' enabled.
2019-12-12 14:50:50.627 ERROR 29252 --- [           main] o.s.boot.SpringApplication               : Application run failed

java.lang.IllegalStateException: Failed to execute CommandLineRunner
	at org.springframework.boot.SpringApplication.callRunner(SpringApplication.java:816) ~[spring-boot-2.1.4.RELEASE.jar!/:2.1.4.RELEASE]
	at org.springframework.boot.SpringApplication.callRunners(SpringApplication.java:797) ~[spring-boot-2.1.4.RELEASE.jar!/:2.1.4.RELEASE]
	at org.springframework.boot.SpringApplication.run(SpringApplication.java:324) ~[spring-boot-2.1.4.RELEASE.jar!/:2.1.4.RELEASE]
	at com.mark59.metricsruncheck.Runcheck.main(Runcheck.java:324) [classes!/:2.1.0]
	at sun.reflect.NativeMethodAccessorImpl.invoke0(Native Method) ~[na:1.8.0_161]
	at sun.reflect.NativeMethodAccessorImpl.invoke(NativeMethodAccessorImpl.java:62) ~[na:1.8.0_161]
	at sun.reflect.DelegatingMethodAccessorImpl.invoke(DelegatingMethodAccessorImpl.java:43) ~[na:1.8.0_161]
	at java.lang.reflect.Method.invoke(Method.java:498) ~[na:1.8.0_161]
	at org.springframework.boot.loader.MainMethodRunner.run(MainMethodRunner.java:48) [metricsRuncheck.jar:2.1.0]
	at org.springframework.boot.loader.Launcher.launch(Launcher.java:87) [metricsRuncheck.jar:2.1.0]
	at org.springframework.boot.loader.Launcher.launch(Launcher.java:50) [metricsRuncheck.jar:2.1.0]
	at org.springframework.boot.loader.JarLauncher.main(JarLauncher.java:51) [metricsRuncheck.jar:2.1.0]
Caused by: java.lang.RuntimeException:  A valid date range for the test was not found (possible empty datasest?).  Aborting run.(found run start time of null)
	at com.mark59.metrics.data.testTransactions.dao.TestTransactionsDAOjdbcTemplateImpl.getEarliestTimestamp(TestTransactionsDAOjdbcTemplateImpl.java:212) ~[metrics-2.1.0.jar!/:2.1.0]
	at com.mark59.metricsruncheck.run.JmeterRun.getRunDateRangeUsingTestTransactionalData(JmeterRun.java:527) ~[classes!/:2.1.0]
	at com.mark59.metricsruncheck.run.JmeterRun.<init>(JmeterRun.java:71) ~[classes!/:2.1.0]
	at com.mark59.metricsruncheck.Runcheck.loadTestRun(Runcheck.java:229) [classes!/:2.1.0]
	at com.mark59.metricsruncheck.Runcheck.run(Runcheck.java:219) [classes!/:2.1.0]
	at org.springframework.boot.SpringApplication.callRunner(SpringApplication.java:813) ~[spring-boot-2.1.4.RELEASE.jar!/:2.1.4.RELEASE]
	... 11 common frames omitted

2019-12-12 14:50:50.629  INFO 29252 --- [           main] com.zaxxer.hikari.HikariDataSource       : HikariPool-1 - Shutdown initiated...
2019-12-12 14:50:50.631  INFO 29252 --- [           main] com.zaxxer.hikari.HikariDataSource       : HikariPool-1 - Shutdown completed.
Runcheck: Error -  : Exception - stacktrace follows.
java.lang.IllegalStateException: Failed to execute CommandLineRunner
	at org.springframework.boot.SpringApplication.callRunner(SpringApplication.java:816)
	at org.springframework.boot.SpringApplication.callRunners(SpringApplication.java:797)
	at org.springframework.boot.SpringApplication.run(SpringApplication.java:324)
	at com.mark59.metricsruncheck.Runcheck.main(Runcheck.java:324)
	at sun.reflect.NativeMethodAccessorImpl.invoke0(Native Method)
	at sun.reflect.NativeMethodAccessorImpl.invoke(NativeMethodAccessorImpl.java:62)
	at sun.reflect.DelegatingMethodAccessorImpl.invoke(DelegatingMethodAccessorImpl.java:43)
	at java.lang.reflect.Method.invoke(Method.java:498)
	at org.springframework.boot.loader.MainMethodRunner.run(MainMethodRunner.java:48)
	at org.springframework.boot.loader.Launcher.launch(Launcher.java:87)
	at org.springframework.boot.loader.Launcher.launch(Launcher.java:50)
	at org.springframework.boot.loader.JarLauncher.main(JarLauncher.java:51)
Caused by: java.lang.RuntimeException:  A valid date range for the test was not found (possible empty datasest?).  Aborting run.(found run start time of null)
	at com.mark59.metrics.data.testTransactions.dao.TestTransactionsDAOjdbcTemplateImpl.getEarliestTimestamp(TestTransactionsDAOjdbcTemplateImpl.java:212)
	at com.mark59.metricsruncheck.run.JmeterRun.getRunDateRangeUsingTestTransactionalData(JmeterRun.java:527)
	at com.mark59.metricsruncheck.run.JmeterRun.<init>(JmeterRun.java:71)
	at com.mark59.metricsruncheck.Runcheck.loadTestRun(Runcheck.java:229)
	at com.mark59.metricsruncheck.Runcheck.run(Runcheck.java:219)
	at org.springframework.boot.SpringApplication.callRunner(SpringApplication.java:813)
	... 11 more
"convert xml file to csv" 
Result File Conversion starting ..
cwd = C:\gitrepo\mark-5-9\mark59\resultFilesConverter\target

JmterResultsConverter  executing using the following arguments 
-------------------------------------------------------------- 
 inputdirectory        : C:\Jmeter_Results\DataHunterDistributed
 outputdirectoy        : C:\Jmeter_Results\DataHunterDistributed\MERGED
 outputFilename        : DataHunterDistributedTestResults_converted.csv
 errortransactions     : No
 eXcludeResultsWithSub : True
 metricsfile           : SplitByDataType
-------------------------------------------------------------- 

initializeCsvWriter C:\Jmeter_Results\DataHunterDistributed\MERGED\DataHunterDistributedTestResults_converted.csv

   MERGED bypassed
____________________________________
0 Total samples written
 

Result File Conversion completed.
"run jmeter report(s) generation"     
