Started by upstream project "[8mha:////4Fu4buGeGxIKnpUwzBCI3lOYvH3GYzQsKLWLp2fpNCVLAAAApB+LCAAAAAAAAP9b85aBtbiIQTGjNKU4P08vOT+vOD8nVc83PyU1x6OyILUoJzMv2y+/JJUBAhiZGBgqihhk0NSjKDWzXb3RdlLBUSYGJk8GtpzUvPSSDB8G5tKinBIGIZ+sxLJE/ZzEvHT94JKizLx0a6BxUmjGOUNodHsLgAyhEgYJ/az8JH2XxJJEj9K8ktSieNeK1OTSklR9AL7o8gHNAAAA[0mDataHunter_Execute" build number [8mha:////4NyQVryUdfPYvg+cPgB/4kPO1p+FAl5cbCKKRMxtu5efAAAApB+LCAAAAAAAAP9b85aBtbiIQTGjNKU4P08vOT+vOD8nVc83PyU1x6OyILUoJzMv2y+/JJUBAhiZGBgqihhk0NSjKDWzXb3RdlLBUSYGJk8GtpzUvPSSDB8G5tKinBIGIZ+sxLJE/ZzEvHT94JKizLx0a6BxUmjGOUNodHsLQIwSBkn9rPwkfZfEkkSP0ryS1KJ414rU5NKSVH0jAJCS0PLOAAAA[0m2
originally caused by:
 Started by upstream project "[8mha:////4ORzlc/A2fmnk3TMV5nZiZXPnwe42hE67JR2X8fcVVslAAAAoh+LCAAAAAAAAP9b85aBtbiIQTGjNKU4P08vOT+vOD8nVc83PyU1x6OyILUoJzMv2y+/JJUBAhiZGBgqihhk0NSjKDWzXb3RdlLBUSYGJk8GtpzUvPSSDB8G5tKinBIGIZ+sxLJE/ZzEvHT94JKizLx0a6BxUmjGOUNodHsLgAyBEgYx/az8JH2XxJJEj9K8ktSieOeM1ORsfQB8LepDywAAAA==[0mDataHunter_Check" build number [8mha:////4C9UjJzu+ICe+ebPHMXL8f/3UJnGwq23VqKF3Kec8XviAAAAoh+LCAAAAAAAAP9b85aBtbiIQTGjNKU4P08vOT+vOD8nVc83PyU1x6OyILUoJzMv2y+/JJUBAhiZGBgqihhk0NSjKDWzXb3RdlLBUSYGJk8GtpzUvPSSDB8G5tKinBIGIZ+sxLJE/ZzEvHT94JKizLx0a6BxUmjGOUNodHsLQIwSBnH9rPwkfZfEkkSP0ryS1KJ454zU5Gx9IwAEvPjyzAAAAA==[0m2
 originally caused by:
  Started by user [8mha:////4GwA5J8YCLKpu2bXZKTiLv6QSMen6cUc48IAQsSyKU0aAAAAlx+LCAAAAAAAAP9b85aBtbiIQTGjNKU4P08vOT+vOD8nVc83PyU1x6OyILUoJzMv2y+/JJUBAhiZGBgqihhk0NSjKDWzXb3RdlLBUSYGJk8GtpzUvPSSDB8G5tKinBIGIZ+sxLJE/ZzEvHT94JKizLx0a6BxUmjGOUNodHsLgAzWEgZu/dLi1CL9xJTczDwAj6GcLcAAAAA=[0madmin
Running as SYSTEM
Building in workspace /var/jenkins_home/workspace/DataHunter_Result
[DataHunter_Result] $ /bin/sh /tmp/jenkins642285765041036560.sh
parmExecuteScriptVerificationPassed=true
parmExecuteResult=Execution_OK
Jmeter results file location generally set to some temp location for verify, so as not to be confused with actual test
load results into graphical comparative analysis tooling
Starting Runcheck .. (version 3.0.0)

Runcheck executing using the following arguments 
------------------------------------------------ 
 application    : DataHunter
 input          : /var/Mark59_Runs/Jmeter_Results/DataHunter
 database       : h2tcpclient
 reference      : No argument passed. (a reference will be generated)
 tool           : Jmeter
 dbserver       : metrics
 dbPort         : 9092
 dbSchema       : metricsdb
 dbxtraurlparms : 
 dbUsername     : admin
 eXcludestart   : 0 (mins)
 captureperiod  : All (mins)
 timeZone       : Etc/UTC
------------------------------------------------   

2020-10-14 03:10:51.454  INFO 4044 --- [           main] c.m.metricsruncheck.ApplicationEntry     : Starting ApplicationEntry v3.0.1 on 1a6aa99c0087 with PID 4044 (/var/mark59/metricsRuncheck/target/metricsRuncheck.jar started by jenkins in /var/mark59/metricsRuncheck/target)
2020-10-14 03:10:51.463  INFO 4044 --- [           main] c.m.metricsruncheck.ApplicationEntry     : The following profiles are active: h2tcpclient
2020-10-14 03:10:53.644  INFO 4044 --- [           main] com.zaxxer.hikari.HikariDataSource       : HikariPool-1 - Starting...
2020-10-14 03:10:53.886  INFO 4044 --- [           main] com.zaxxer.hikari.HikariDataSource       : HikariPool-1 - Start completed.
2020-10-14 03:10:55.090  INFO 4044 --- [           main] c.m.metricsruncheck.ApplicationEntry     : Started ApplicationEntry in 4.827 seconds (JVM running for 5.906)
Spring configuration complete, h2tcpclient database in use.

***************************************************************************************
*   The use of a H2 database is intended to assist in tutorials and 'quick start'.    *
*   Please use a MySQL or PostgreSQL database for more formal work.                   *
*                                                                                     *
***************************************************************************************



Processing CSV formatted Jmeter Results File DataHunterTestResults.csv at Wed Oct 14 03:10:55 UTC 2020
^

   DataHunterTestResults.csv  file uploaded at Wed Oct 14 03:10:55 UTC 2020 :
        146 file lines processed
        138 transaction samples created
        took 0 secs

____________________________________
138 Total samples written
 

Run start time set as 202010140306  [ Wed Oct 14 03:06:55 UTC 2020, Timestamp 1602644815427 ], with a duration of 3 mins,  period of 20201014_030655 - 20201014_031041
Epoch Range (msec)  [ 1602644815427 : 1602645041418 ]

Run reference has been set as  20201014_030655
deleteRun sql: delete from RUNS where APPLICATION='DataHunter' and RUN_TIME='202010140306'
extractTransactionResponsesSummary sql: starts at Wed Oct 14 03:10:55 UTC 2020
extractTransactionResponsesSummary sql: completed Wed Oct 14 03:10:55 UTC 2020.   took 0 secs
Runcheck: SLA Failed Warning  : DH-lifecycle-0100-deleteMultiplePolicies has failed it's 90th Percentile Response Time SLA as recorded on the SLA database ! 
                      response was 1.090 secs, SLA of 0.400
Runcheck: SLA Failed : Error : DH-lifecycle-0100-deleteMultiplePolicies has failed it's Pass Count SLA as recorded on the SLA database ! 
                      count was 13 Pass Count SLA is 30, with variance of 20.000%
Runcheck: SLA Failed Warning  : DH-lifecycle-0200-addPolicy has failed it's 90th Percentile Response Time SLA as recorded on the SLA database ! 
                      response was 11.271 secs, SLA of 0.400
Runcheck: SLA Failed : Error : DH-lifecycle-0200-addPolicy has failed it's Pass Count SLA as recorded on the SLA database ! 
                      count was 40 Pass Count SLA is 100, with variance of 20.000%
Runcheck: SLA Failed : Error : DH-lifecycle-0299-sometimes-I-fail has failed it's Pass Count SLA as recorded on the SLA database ! 
                      count was 8 Pass Count SLA is 20, with variance of 40.000%
Runcheck: SLA Failed Warning  : DH-lifecycle-0300-countUnusedPolicies has failed it's 90th Percentile Response Time SLA as recorded on the SLA database ! 
                      response was 2.699 secs, SLA of 0.400
Runcheck: SLA Failed : Error : DH-lifecycle-0300-countUnusedPolicies has failed it's Pass Count SLA as recorded on the SLA database ! 
                      count was 8 Pass Count SLA is 20, with variance of 20.000%
Runcheck: SLA Failed Warning  : DH-lifecycle-0500-useNextPolicy has failed it's 90th Percentile Response Time SLA as recorded on the SLA database ! 
                      response was 3.224 secs, SLA of 0.400
Runcheck: SLA Failed : Error : DH-lifecycle-0500-useNextPolicy has failed it's Pass Count SLA as recorded on the SLA database ! 
                      count was 8 Pass Count SLA is 20, with variance of 20.000%
Runcheck: SLA Failed Warning  : DH-lifecycle-9999-finalize-deleteMultiplePolicies has failed it's 90th Percentile Response Time SLA as recorded on the SLA database ! 
                      response was 0.503 secs, SLA of 0.400
Runcheck: Metric SLA Failed Warning  : metric out of expected range for CPU_UTIL Average on localhost.  Range is set as 5.0 to 60.0, actual was 93.667
Runcheck: Metric SLA Failed Warning  : metric out of expected range for CPU_UTIL PercentOver90 on localhost.  Range is set as 0.0 to 10.0, actual was 66.67
Runcheck completed.
2020-10-14 03:10:55.705  INFO 4044 --- [extShutdownHook] com.zaxxer.hikari.HikariDataSource       : HikariPool-1 - Shutdown initiated...
2020-10-14 03:10:55.723  INFO 4044 --- [extShutdownHook] com.zaxxer.hikari.HikariDataSource       : HikariPool-1 - Shutdown completed.
convert xml file to csv
Result Files Converter starting .. (v3.0.0) 
cwd = /var/mark59/resultFilesConverter/target

JmterResultsConverter  executing using the following arguments 
-------------------------------------------------------------- 
 inputdirectory        : /var/Mark59_Runs/Jmeter_Results/DataHunter
 outputdirectoy        : /var/Mark59_Runs/Jmeter_Results/DataHunter/MERGED
 outputFilename        : DataHunterTestResults_converted.csv
 errortransactions     : No
 eXcludeResultsWithSub : True
 metricsfile           : SplitByDataType
-------------------------------------------------------------- 

initializeCsvWriter /var/Mark59_Runs/Jmeter_Results/DataHunter/MERGED/DataHunterTestResults_converted.csv
initializeCsvWriter /var/Mark59_Runs/Jmeter_Results/DataHunter/MERGED/DataHunterTestResults_converted_CPU_UTIL.csv
initializeCsvWriter /var/Mark59_Runs/Jmeter_Results/DataHunter/MERGED/DataHunterTestResults_converted_DATAPOINT.csv
initializeCsvWriter /var/Mark59_Runs/Jmeter_Results/DataHunter/MERGED/DataHunterTestResults_converted_MEMORY.csv


Processing CSV formatted Jmeter Results File DataHunterTestResults.csv at Wed Oct 14 03:10:55 UTC 2020
^

   DataHunterTestResults.csv processing completed  at Wed Oct 14 03:10:55 UTC 2020 :
        146 file lines processed
        138 transaction samples loaded
        took 0 secs


   MERGED bypassed
____________________________________
138 Total samples written
 

Result Files Converter completed.
run jmeter report generation
An error occurred: Cannot read test results file : /var/Mark59_Runs/Jmeter_Results/DataHunter/MERGED/DataHunterTestResults_converted_METRICS.csv
chmod: cannot access '/var/Mark59_Runs/Jmeter_Results/DataHunter/MERGED/DataHunterTestResults_converted_METRICS.csv': No such file or directory
/tmp/jenkins642285765041036560.sh: 81: /tmp/jenkins642285765041036560.sh: BEGINMAILScenario_Run_ok: not found
Build step 'Console output (build log) parsing' changed build result to FAILURE
[htmlpublisher] Archiving HTML reports...
[htmlpublisher] Archiving at BUILD level /var/Mark59_Runs/htmlreport/DataHunter to /var/jenkins_home/jobs/DataHunter_Result/builds/2/htmlreports/TransactionsReport
[htmlpublisher] Archiving at BUILD level /var/Mark59_Runs/htmlreport/DataHunter_CPU_UTIL to /var/jenkins_home/jobs/DataHunter_Result/builds/2/htmlreports/CPUUtilizationsReport
[htmlpublisher] Archiving at BUILD level /var/Mark59_Runs/htmlreport/DataHunter_DATAPOINT to /var/jenkins_home/jobs/DataHunter_Result/builds/2/htmlreports/DataPointsReport
[htmlpublisher] Archiving at BUILD level /var/Mark59_Runs/htmlreport/DataHunter_MEMORY to /var/jenkins_home/jobs/DataHunter_Result/builds/2/htmlreports/MemoryMetricsReport
Finished: FAILURE
